# JRE version: Java(TM) SE Runtime Environment (7.0_71-b14) (build 1.7.0_71-b14)
# Java VM: Java HotSpot(TM) Client VM (24.71-b01 mixed mode windows-x86 )
Heap
 par new generation   total 39296K, used 20140K [0x04800000, 0x072a0000, 0x072a0000)
  eden space 34944K,  55% used [0x04800000, 0x05ad0c10, 0x06a20000)
  from space 4352K,  20% used [0x06e60000, 0x06f3a4b0, 0x072a0000)
  to   space 4352K,   0% used [0x06a20000, 0x06a20000, 0x06e60000)
 concurrent mark-sweep generation total 66584K, used 44849K [0x072a0000, 0x0b3a6000, 0x0c800000)
 concurrent-mark-sweep perm gen total 65536K, used 52788K [0x0c800000, 0x10800000, 0x10800000)
GC Heap History (10 events):
Event: 12860.370 GC heap before
{Heap before GC invocations=182 (full 33):
 par new generation   total 39296K, used 36722K [0x04800000, 0x072a0000, 0x072a0000)
  eden space 34944K, 100% used [0x04800000, 0x06a20000, 0x06a20000)
  from space 4352K,  40% used [0x06a20000, 0x06bdcad8, 0x06e60000)
  to   space 4352K,   0% used [0x06e60000, 0x06e60000, 0x072a0000)
 concurrent mark-sweep generation total 66584K, used 43532K [0x072a0000, 0x0b3a6000, 0x0c800000)
 concurrent-mark-sweep perm gen total 65536K, used 52348K [0x0c800000, 0x10800000, 0x10800000)
Event: 12860.373 GC heap after
Heap after GC invocations=183 (full 33):
 par new generation   total 39296K, used 1441K [0x04800000, 0x072a0000, 0x072a0000)
  eden space 34944K,   0% used [0x04800000, 0x04800000, 0x06a20000)
  from space 4352K,  33% used [0x06e60000, 0x06fc8448, 0x072a0000)
  to   space 4352K,   0% used [0x06a20000, 0x06a20000, 0x06e60000)
 concurrent mark-sweep generation total 66584K, used 43992K [0x072a0000, 0x0b3a6000, 0x0c800000)
 concurrent-mark-sweep perm gen total 65536K, used 52348K [0x0c800000, 0x10800000, 0x10800000)
}
Event: 12873.175 GC heap before
{Heap before GC invocations=183 (full 33):
 par new generation   total 39296K, used 36385K [0x04800000, 0x072a0000, 0x072a0000)
  eden space 34944K, 100% used [0x04800000, 0x06a20000, 0x06a20000)
  from space 4352K,  33% used [0x06e60000, 0x06fc8448, 0x072a0000)
  to   space 4352K,   0% used [0x06a20000, 0x06a20000, 0x06e60000)
 concurrent mark-sweep generation total 66584K, used 43992K [0x072a0000, 0x0b3a6000, 0x0c800000)
 concurrent-mark-sweep perm gen total 65536K, used 52348K [0x0c800000, 0x10800000, 0x10800000)
Event: 12873.177 GC heap after
Heap after GC invocations=184 (full 33):
 par new generation   total 39296K, used 1010K [0x04800000, 0x072a0000, 0x072a0000)
  eden space 34944K,   0% used [0x04800000, 0x04800000, 0x06a20000)
  from space 4352K,  23% used [0x06a20000, 0x06b1c820, 0x06e60000)
  to   space 4352K,   0% used [0x06e60000, 0x06e60000, 0x072a0000)
 concurrent mark-sweep generation total 66584K, used 44844K [0x072a0000, 0x0b3a6000, 0x0c800000)
 concurrent-mark-sweep perm gen total 65536K, used 52348K [0x0c800000, 0x10800000, 0x10800000)
}
Event: 12918.816 GC heap before
{Heap before GC invocations=184 (full 33):
 par new generation   total 39296K, used 35954K [0x04800000, 0x072a0000, 0x072a0000)
  eden space 34944K, 100% used [0x04800000, 0x06a20000, 0x06a20000)
  from space 4352K,  23% used [0x06a20000, 0x06b1c820, 0x06e60000)
  to   space 4352K,   0% used [0x06e60000, 0x06e60000, 0x072a0000)
 concurrent mark-sweep generation total 66584K, used 44844K [0x072a0000, 0x0b3a6000, 0x0c800000)
 concurrent-mark-sweep perm gen total 65536K, used 52350K [0x0c800000, 0x10800000, 0x10800000)
Event: 12918.817 GC heap after
Heap after GC invocations=185 (full 33):
 par new generation   total 39296K, used 201K [0x04800000, 0x072a0000, 0x072a0000)
  eden space 34944K,   0% used [0x04800000, 0x04800000, 0x06a20000)
  from space 4352K,   4% used [0x06e60000, 0x06e92738, 0x072a0000)
  to   space 4352K,   0% used [0x06a20000, 0x06a20000, 0x06e60000)
 concurrent mark-sweep generation total 66584K, used 44848K [0x072a0000, 0x0b3a6000, 0x0c800000)
 concurrent-mark-sweep perm gen total 65536K, used 52350K [0x0c800000, 0x10800000, 0x10800000)
}
Event: 13065.303 GC heap before
{Heap before GC invocations=185 (full 33):
 par new generation   total 39296K, used 35145K [0x04800000, 0x072a0000, 0x072a0000)
  eden space 34944K, 100% used [0x04800000, 0x06a20000, 0x06a20000)
  from space 4352K,   4% used [0x06e60000, 0x06e92738, 0x072a0000)
  to   space 4352K,   0% used [0x06a20000, 0x06a20000, 0x06e60000)
 concurrent mark-sweep generation total 66584K, used 44848K [0x072a0000, 0x0b3a6000, 0x0c800000)
 concurrent-mark-sweep perm gen total 65536K, used 52353K [0x0c800000, 0x10800000, 0x10800000)
Event: 13065.308 GC heap after
Heap after GC invocations=186 (full 33):
 par new generation   total 39296K, used 915K [0x04800000, 0x072a0000, 0x072a0000)
  eden space 34944K,   0% used [0x04800000, 0x04800000, 0x06a20000)
  from space 4352K,  21% used [0x06a20000, 0x06b04e28, 0x06e60000)
  to   space 4352K,   0% used [0x06e60000, 0x06e60000, 0x072a0000)
 concurrent mark-sweep generation total 66584K, used 44848K [0x072a0000, 0x0b3a6000, 0x0c800000)
 concurrent-mark-sweep perm gen total 65536K, used 52353K [0x0c800000, 0x10800000, 0x10800000)
}
Event: 13320.982 GC heap before
{Heap before GC invocations=186 (full 33):
 par new generation   total 39296K, used 35859K [0x04800000, 0x072a0000, 0x072a0000)
  eden space 34944K, 100% used [0x04800000, 0x06a20000, 0x06a20000)
  from space 4352K,  21% used [0x06a20000, 0x06b04e28, 0x06e60000)
  to   space 4352K,   0% used [0x06e60000, 0x06e60000, 0x072a0000)
 concurrent mark-sweep generation total 66584K, used 44848K [0x072a0000, 0x0b3a6000, 0x0c800000)
 concurrent-mark-sweep perm gen total 65536K, used 52394K [0x0c800000, 0x10800000, 0x10800000)
Event: 13320.985 GC heap after
Heap after GC invocations=187 (full 33):
 par new generation   total 39296K, used 873K [0x04800000, 0x072a0000, 0x072a0000)
  eden space 34944K,   0% used [0x04800000, 0x04800000, 0x06a20000)
  from space 4352K,  20% used [0x06e60000, 0x06f3a4b0, 0x072a0000)
  to   space 4352K,   0% used [0x06a20000, 0x06a20000, 0x06e60000)
 concurrent mark-sweep generation total 66584K, used 44849K [0x072a0000, 0x0b3a6000, 0x0c800000)
 concurrent-mark-sweep perm gen total 65536K, used 52394K [0x0c800000, 0x10800000, 0x10800000)
}

