# JRE version: Java(TM) SE Runtime Environment (7.0_71-b14) (build 1.7.0_71-b14)
# Java VM: Java HotSpot(TM) Client VM (24.71-b01 mixed mode windows-x86 )
Heap
 par new generation   total 39296K, used 34308K [0x04800000, 0x072a0000, 0x072a0000)
  eden space 34944K,  91% used [0x04800000, 0x0675df70, 0x06a20000)
  from space 4352K,  50% used [0x06e60000, 0x070830b8, 0x072a0000)
  to   space 4352K,   0% used [0x06a20000, 0x06a20000, 0x06e60000)
 concurrent mark-sweep generation total 59488K, used 35513K [0x072a0000, 0x0acb8000, 0x0c800000)
 concurrent-mark-sweep perm gen total 65536K, used 48135K [0x0c800000, 0x10800000, 0x10800000)
GC Heap History (10 events):
Event: 545.720 GC heap before
{Heap before GC invocations=42 (full 10):
 par new generation   total 39296K, used 37445K [0x04800000, 0x072a0000, 0x072a0000)
  eden space 34944K, 100% used [0x04800000, 0x06a20000, 0x06a20000)
  from space 4352K,  57% used [0x06a20000, 0x06c917e0, 0x06e60000)
  to   space 4352K,   0% used [0x06e60000, 0x06e60000, 0x072a0000)
 concurrent mark-sweep generation total 59488K, used 34885K [0x072a0000, 0x0acb8000, 0x0c800000)
 concurrent-mark-sweep perm gen total 65536K, used 47461K [0x0c800000, 0x10800000, 0x10800000)
Event: 545.723 GC heap after
Heap after GC invocations=43 (full 10):
 par new generation   total 39296K, used 2925K [0x04800000, 0x072a0000, 0x072a0000)
  eden space 34944K,   0% used [0x04800000, 0x04800000, 0x06a20000)
  from space 4352K,  67% used [0x06e60000, 0x0713b700, 0x072a0000)
  to   space 4352K,   0% used [0x06a20000, 0x06a20000, 0x06e60000)
 concurrent mark-sweep generation total 59488K, used 34885K [0x072a0000, 0x0acb8000, 0x0c800000)
 concurrent-mark-sweep perm gen total 65536K, used 47461K [0x0c800000, 0x10800000, 0x10800000)
}
Event: 772.587 GC heap before
{Heap before GC invocations=43 (full 10):
 par new generation   total 39296K, used 37869K [0x04800000, 0x072a0000, 0x072a0000)
  eden space 34944K, 100% used [0x04800000, 0x06a20000, 0x06a20000)
  from space 4352K,  67% used [0x06e60000, 0x0713b700, 0x072a0000)
  to   space 4352K,   0% used [0x06a20000, 0x06a20000, 0x06e60000)
 concurrent mark-sweep generation total 59488K, used 34885K [0x072a0000, 0x0acb8000, 0x0c800000)
 concurrent-mark-sweep perm gen total 65536K, used 47542K [0x0c800000, 0x10800000, 0x10800000)
Event: 772.591 GC heap after
Heap after GC invocations=44 (full 10):
 par new generation   total 39296K, used 3153K [0x04800000, 0x072a0000, 0x072a0000)
  eden space 34944K,   0% used [0x04800000, 0x04800000, 0x06a20000)
  from space 4352K,  72% used [0x06a20000, 0x06d34580, 0x06e60000)
  to   space 4352K,   0% used [0x06e60000, 0x06e60000, 0x072a0000)
 concurrent mark-sweep generation total 59488K, used 34885K [0x072a0000, 0x0acb8000, 0x0c800000)
 concurrent-mark-sweep perm gen total 65536K, used 47542K [0x0c800000, 0x10800000, 0x10800000)
}
Event: 778.732 GC heap before
{Heap before GC invocations=44 (full 10):
 par new generation   total 39296K, used 38097K [0x04800000, 0x072a0000, 0x072a0000)
  eden space 34944K, 100% used [0x04800000, 0x06a20000, 0x06a20000)
  from space 4352K,  72% used [0x06a20000, 0x06d34580, 0x06e60000)
  to   space 4352K,   0% used [0x06e60000, 0x06e60000, 0x072a0000)
 concurrent mark-sweep generation total 59488K, used 34885K [0x072a0000, 0x0acb8000, 0x0c800000)
 concurrent-mark-sweep perm gen total 65536K, used 47542K [0x0c800000, 0x10800000, 0x10800000)
Event: 778.741 GC heap after
Heap after GC invocations=45 (full 10):
 par new generation   total 39296K, used 3488K [0x04800000, 0x072a0000, 0x072a0000)
  eden space 34944K,   0% used [0x04800000, 0x04800000, 0x06a20000)
  from space 4352K,  80% used [0x06e60000, 0x071c8148, 0x072a0000)
  to   space 4352K,   0% used [0x06a20000, 0x06a20000, 0x06e60000)
 concurrent mark-sweep generation total 59488K, used 35513K [0x072a0000, 0x0acb8000, 0x0c800000)
 concurrent-mark-sweep perm gen total 65536K, used 47542K [0x0c800000, 0x10800000, 0x10800000)
}
Event: 1244.670 GC heap before
{Heap before GC invocations=45 (full 10):
 par new generation   total 39296K, used 38432K [0x04800000, 0x072a0000, 0x072a0000)
  eden space 34944K, 100% used [0x04800000, 0x06a20000, 0x06a20000)
  from space 4352K,  80% used [0x06e60000, 0x071c8148, 0x072a0000)
  to   space 4352K,   0% used [0x06a20000, 0x06a20000, 0x06e60000)
 concurrent mark-sweep generation total 59488K, used 35513K [0x072a0000, 0x0acb8000, 0x0c800000)
 concurrent-mark-sweep perm gen total 65536K, used 47544K [0x0c800000, 0x10800000, 0x10800000)
Event: 1244.687 GC heap after
Heap after GC invocations=46 (full 10):
 par new generation   total 39296K, used 2038K [0x04800000, 0x072a0000, 0x072a0000)
  eden space 34944K,   0% used [0x04800000, 0x04800000, 0x06a20000)
  from space 4352K,  46% used [0x06a20000, 0x06c1d858, 0x06e60000)
  to   space 4352K,   0% used [0x06e60000, 0x06e60000, 0x072a0000)
 concurrent mark-sweep generation total 59488K, used 35513K [0x072a0000, 0x0acb8000, 0x0c800000)
 concurrent-mark-sweep perm gen total 65536K, used 47544K [0x0c800000, 0x10800000, 0x10800000)
}
Event: 1684.241 GC heap before
{Heap before GC invocations=46 (full 10):
 par new generation   total 39296K, used 36982K [0x04800000, 0x072a0000, 0x072a0000)
  eden space 34944K, 100% used [0x04800000, 0x06a20000, 0x06a20000)
  from space 4352K,  46% used [0x06a20000, 0x06c1d858, 0x06e60000)
  to   space 4352K,   0% used [0x06e60000, 0x06e60000, 0x072a0000)
 concurrent mark-sweep generation total 59488K, used 35513K [0x072a0000, 0x0acb8000, 0x0c800000)
 concurrent-mark-sweep perm gen total 65536K, used 47645K [0x0c800000, 0x10800000, 0x10800000)
Event: 1684.243 GC heap after
Heap after GC invocations=47 (full 10):
 par new generation   total 39296K, used 2188K [0x04800000, 0x072a0000, 0x072a0000)
  eden space 34944K,   0% used [0x04800000, 0x04800000, 0x06a20000)
  from space 4352K,  50% used [0x06e60000, 0x070830b8, 0x072a0000)
  to   space 4352K,   0% used [0x06a20000, 0x06a20000, 0x06e60000)
 concurrent mark-sweep generation total 59488K, used 35513K [0x072a0000, 0x0acb8000, 0x0c800000)
 concurrent-mark-sweep perm gen total 65536K, used 47645K [0x0c800000, 0x10800000, 0x10800000)
}

