# JRE version: Java(TM) SE Runtime Environment (7.0_71-b14) (build 1.7.0_71-b14)
# Java VM: Java HotSpot(TM) Client VM (24.71-b01 mixed mode windows-x86 )
Heap
 par new generation   total 39296K, used 4071K [0x04800000, 0x072a0000, 0x072a0000)
  eden space 34944K,   5% used [0x04800000, 0x049f12d0, 0x06a20000)
  from space 4352K,  47% used [0x06a20000, 0x06c28cc8, 0x06e60000)
  to   space 4352K,   0% used [0x06e60000, 0x06e60000, 0x072a0000)
 concurrent mark-sweep generation total 57804K, used 46403K [0x072a0000, 0x0ab13000, 0x0c800000)
 concurrent-mark-sweep perm gen total 64360K, used 44083K [0x0c800000, 0x106da000, 0x10800000)
GC Heap History (10 events):
Event: 24.368 GC heap before
{Heap before GC invocations=19 (full 10):
 par new generation   total 39296K, used 39295K [0x04800000, 0x072a0000, 0x072a0000)
  eden space 34944K,  99% used [0x04800000, 0x06a1fee8, 0x06a20000)
  from space 4352K, 100% used [0x06e60000, 0x072a0000, 0x072a0000)
  to   space 4352K,   0% used [0x06a20000, 0x06a20000, 0x06e60000)
 concurrent mark-sweep generation total 57804K, used 39451K [0x072a0000, 0x0ab13000, 0x0c800000)
 concurrent-mark-sweep perm gen total 64360K, used 42006K [0x0c800000, 0x106da000, 0x10800000)
Event: 24.374 GC heap after
Heap after GC invocations=20 (full 10):
 par new generation   total 39296K, used 4352K [0x04800000, 0x072a0000, 0x072a0000)
  eden space 34944K,   0% used [0x04800000, 0x04800000, 0x06a20000)
  from space 4352K, 100% used [0x06a20000, 0x06e60000, 0x06e60000)
  to   space 4352K,   0% used [0x06e60000, 0x06e60000, 0x072a0000)
 concurrent mark-sweep generation total 57804K, used 44018K [0x072a0000, 0x0ab13000, 0x0c800000)
 concurrent-mark-sweep perm gen total 64360K, used 42006K [0x0c800000, 0x106da000, 0x10800000)
}
Event: 25.269 GC heap before
{Heap before GC invocations=20 (full 10):
 par new generation   total 39296K, used 39296K [0x04800000, 0x072a0000, 0x072a0000)
  eden space 34944K, 100% used [0x04800000, 0x06a20000, 0x06a20000)
  from space 4352K, 100% used [0x06a20000, 0x06e60000, 0x06e60000)
  to   space 4352K,   0% used [0x06e60000, 0x06e60000, 0x072a0000)
 concurrent mark-sweep generation total 57804K, used 44018K [0x072a0000, 0x0ab13000, 0x0c800000)
 concurrent-mark-sweep perm gen total 64360K, used 43550K [0x0c800000, 0x106da000, 0x10800000)
Event: 25.274 GC heap after
Heap after GC invocations=21 (full 10):
 par new generation   total 39296K, used 4352K [0x04800000, 0x072a0000, 0x072a0000)
  eden space 34944K,   0% used [0x04800000, 0x04800000, 0x06a20000)
  from space 4352K, 100% used [0x06e60000, 0x072a0000, 0x072a0000)
  to   space 4352K,   0% used [0x06a20000, 0x06a20000, 0x06e60000)
 concurrent mark-sweep generation total 57804K, used 44651K [0x072a0000, 0x0ab13000, 0x0c800000)
 concurrent-mark-sweep perm gen total 64360K, used 43550K [0x0c800000, 0x106da000, 0x10800000)
}
Event: 37.615 GC heap before
{Heap before GC invocations=21 (full 10):
 par new generation   total 39296K, used 39296K [0x04800000, 0x072a0000, 0x072a0000)
  eden space 34944K, 100% used [0x04800000, 0x06a20000, 0x06a20000)
  from space 4352K, 100% used [0x06e60000, 0x072a0000, 0x072a0000)
  to   space 4352K,   0% used [0x06a20000, 0x06a20000, 0x06e60000)
 concurrent mark-sweep generation total 57804K, used 44651K [0x072a0000, 0x0ab13000, 0x0c800000)
 concurrent-mark-sweep perm gen total 64360K, used 43578K [0x0c800000, 0x106da000, 0x10800000)
Event: 37.619 GC heap after
Heap after GC invocations=22 (full 10):
 par new generation   total 39296K, used 2177K [0x04800000, 0x072a0000, 0x072a0000)
  eden space 34944K,   0% used [0x04800000, 0x04800000, 0x06a20000)
  from space 4352K,  50% used [0x06a20000, 0x06c406e0, 0x06e60000)
  to   space 4352K,   0% used [0x06e60000, 0x06e60000, 0x072a0000)
 concurrent mark-sweep generation total 57804K, used 46403K [0x072a0000, 0x0ab13000, 0x0c800000)
 concurrent-mark-sweep perm gen total 64360K, used 43578K [0x0c800000, 0x106da000, 0x10800000)
}
Event: 41.984 GC heap before
{Heap before GC invocations=22 (full 10):
 par new generation   total 39296K, used 37121K [0x04800000, 0x072a0000, 0x072a0000)
  eden space 34944K, 100% used [0x04800000, 0x06a20000, 0x06a20000)
  from space 4352K,  50% used [0x06a20000, 0x06c406e0, 0x06e60000)
  to   space 4352K,   0% used [0x06e60000, 0x06e60000, 0x072a0000)
 concurrent mark-sweep generation total 57804K, used 46403K [0x072a0000, 0x0ab13000, 0x0c800000)
 concurrent-mark-sweep perm gen total 64360K, used 43683K [0x0c800000, 0x106da000, 0x10800000)
Event: 41.986 GC heap after
Heap after GC invocations=23 (full 10):
 par new generation   total 39296K, used 1937K [0x04800000, 0x072a0000, 0x072a0000)
  eden space 34944K,   0% used [0x04800000, 0x04800000, 0x06a20000)
  from space 4352K,  44% used [0x06e60000, 0x07044738, 0x072a0000)
  to   space 4352K,   0% used [0x06a20000, 0x06a20000, 0x06e60000)
 concurrent mark-sweep generation total 57804K, used 46403K [0x072a0000, 0x0ab13000, 0x0c800000)
 concurrent-mark-sweep perm gen total 64360K, used 43683K [0x0c800000, 0x106da000, 0x10800000)
}
Event: 46.644 GC heap before
{Heap before GC invocations=23 (full 10):
 par new generation   total 39296K, used 36881K [0x04800000, 0x072a0000, 0x072a0000)
  eden space 34944K, 100% used [0x04800000, 0x06a20000, 0x06a20000)
  from space 4352K,  44% used [0x06e60000, 0x07044738, 0x072a0000)
  to   space 4352K,   0% used [0x06a20000, 0x06a20000, 0x06e60000)
 concurrent mark-sweep generation total 57804K, used 46403K [0x072a0000, 0x0ab13000, 0x0c800000)
 concurrent-mark-sweep perm gen total 64360K, used 44051K [0x0c800000, 0x106da000, 0x10800000)
Event: 46.648 GC heap after
Heap after GC invocations=24 (full 10):
 par new generation   total 39296K, used 2083K [0x04800000, 0x072a0000, 0x072a0000)
  eden space 34944K,   0% used [0x04800000, 0x04800000, 0x06a20000)
  from space 4352K,  47% used [0x06a20000, 0x06c28cc8, 0x06e60000)
  to   space 4352K,   0% used [0x06e60000, 0x06e60000, 0x072a0000)
 concurrent mark-sweep generation total 57804K, used 46403K [0x072a0000, 0x0ab13000, 0x0c800000)
 concurrent-mark-sweep perm gen total 64360K, used 44051K [0x0c800000, 0x106da000, 0x10800000)
}

