# JRE version: Java(TM) SE Runtime Environment (7.0_71-b14) (build 1.7.0_71-b14)
# Java VM: Java HotSpot(TM) Client VM (24.71-b01 mixed mode windows-x86 )
Heap
 par new generation   total 39296K, used 20855K [0x04800000, 0x072a0000, 0x072a0000)
  eden space 34944K,  55% used [0x04800000, 0x05b15720, 0x06a20000)
  from space 4352K,  30% used [0x06a20000, 0x06b685e0, 0x06e60000)
  to   space 4352K,   0% used [0x06e60000, 0x06e60000, 0x072a0000)
 concurrent mark-sweep generation total 55172K, used 32406K [0x072a0000, 0x0a881000, 0x0c800000)
 concurrent-mark-sweep perm gen total 65536K, used 53058K [0x0c800000, 0x10800000, 0x10800000)
GC Heap History (10 events):
Event: 1821.427 GC heap before
{Heap before GC invocations=61 (full 10):
 par new generation   total 39296K, used 37206K [0x04800000, 0x072a0000, 0x072a0000)
  eden space 34944K, 100% used [0x04800000, 0x06a20000, 0x06a20000)
  from space 4352K,  51% used [0x06e60000, 0x07095930, 0x072a0000)
  to   space 4352K,   0% used [0x06a20000, 0x06a20000, 0x06e60000)
 concurrent mark-sweep generation total 55172K, used 31867K [0x072a0000, 0x0a881000, 0x0c800000)
 concurrent-mark-sweep perm gen total 65536K, used 52618K [0x0c800000, 0x10800000, 0x10800000)
Event: 1821.429 GC heap after
Heap after GC invocations=62 (full 10):
 par new generation   total 39296K, used 1837K [0x04800000, 0x072a0000, 0x072a0000)
  eden space 34944K,   0% used [0x04800000, 0x04800000, 0x06a20000)
  from space 4352K,  42% used [0x06a20000, 0x06beb698, 0x06e60000)
  to   space 4352K,   0% used [0x06e60000, 0x06e60000, 0x072a0000)
 concurrent mark-sweep generation total 55172K, used 31867K [0x072a0000, 0x0a881000, 0x0c800000)
 concurrent-mark-sweep perm gen total 65536K, used 52618K [0x0c800000, 0x10800000, 0x10800000)
}
Event: 1869.460 GC heap before
{Heap before GC invocations=62 (full 10):
 par new generation   total 39296K, used 36781K [0x04800000, 0x072a0000, 0x072a0000)
  eden space 34944K, 100% used [0x04800000, 0x06a20000, 0x06a20000)
  from space 4352K,  42% used [0x06a20000, 0x06beb698, 0x06e60000)
  to   space 4352K,   0% used [0x06e60000, 0x06e60000, 0x072a0000)
 concurrent mark-sweep generation total 55172K, used 31867K [0x072a0000, 0x0a881000, 0x0c800000)
 concurrent-mark-sweep perm gen total 65536K, used 52618K [0x0c800000, 0x10800000, 0x10800000)
Event: 1869.462 GC heap after
Heap after GC invocations=63 (full 10):
 par new generation   total 39296K, used 1360K [0x04800000, 0x072a0000, 0x072a0000)
  eden space 34944K,   0% used [0x04800000, 0x04800000, 0x06a20000)
  from space 4352K,  31% used [0x06e60000, 0x06fb4248, 0x072a0000)
  to   space 4352K,   0% used [0x06a20000, 0x06a20000, 0x06e60000)
 concurrent mark-sweep generation total 55172K, used 31867K [0x072a0000, 0x0a881000, 0x0c800000)
 concurrent-mark-sweep perm gen total 65536K, used 52618K [0x0c800000, 0x10800000, 0x10800000)
}
Event: 1914.544 GC heap before
{Heap before GC invocations=63 (full 10):
 par new generation   total 39296K, used 36304K [0x04800000, 0x072a0000, 0x072a0000)
  eden space 34944K, 100% used [0x04800000, 0x06a20000, 0x06a20000)
  from space 4352K,  31% used [0x06e60000, 0x06fb4248, 0x072a0000)
  to   space 4352K,   0% used [0x06a20000, 0x06a20000, 0x06e60000)
 concurrent mark-sweep generation total 55172K, used 31867K [0x072a0000, 0x0a881000, 0x0c800000)
 concurrent-mark-sweep perm gen total 65536K, used 52618K [0x0c800000, 0x10800000, 0x10800000)
Event: 1914.546 GC heap after
Heap after GC invocations=64 (full 10):
 par new generation   total 39296K, used 1381K [0x04800000, 0x072a0000, 0x072a0000)
  eden space 34944K,   0% used [0x04800000, 0x04800000, 0x06a20000)
  from space 4352K,  31% used [0x06a20000, 0x06b79460, 0x06e60000)
  to   space 4352K,   0% used [0x06e60000, 0x06e60000, 0x072a0000)
 concurrent mark-sweep generation total 55172K, used 31867K [0x072a0000, 0x0a881000, 0x0c800000)
 concurrent-mark-sweep perm gen total 65536K, used 52618K [0x0c800000, 0x10800000, 0x10800000)
}
Event: 1964.527 GC heap before
{Heap before GC invocations=64 (full 10):
 par new generation   total 39296K, used 36325K [0x04800000, 0x072a0000, 0x072a0000)
  eden space 34944K, 100% used [0x04800000, 0x06a20000, 0x06a20000)
  from space 4352K,  31% used [0x06a20000, 0x06b79460, 0x06e60000)
  to   space 4352K,   0% used [0x06e60000, 0x06e60000, 0x072a0000)
 concurrent mark-sweep generation total 55172K, used 31867K [0x072a0000, 0x0a881000, 0x0c800000)
 concurrent-mark-sweep perm gen total 65536K, used 52618K [0x0c800000, 0x10800000, 0x10800000)
Event: 1964.529 GC heap after
Heap after GC invocations=65 (full 10):
 par new generation   total 39296K, used 1299K [0x04800000, 0x072a0000, 0x072a0000)
  eden space 34944K,   0% used [0x04800000, 0x04800000, 0x06a20000)
  from space 4352K,  29% used [0x06e60000, 0x06fa4e98, 0x072a0000)
  to   space 4352K,   0% used [0x06a20000, 0x06a20000, 0x06e60000)
 concurrent mark-sweep generation total 55172K, used 31867K [0x072a0000, 0x0a881000, 0x0c800000)
 concurrent-mark-sweep perm gen total 65536K, used 52618K [0x0c800000, 0x10800000, 0x10800000)
}
Event: 2015.168 GC heap before
{Heap before GC invocations=65 (full 10):
 par new generation   total 39296K, used 36243K [0x04800000, 0x072a0000, 0x072a0000)
  eden space 34944K, 100% used [0x04800000, 0x06a20000, 0x06a20000)
  from space 4352K,  29% used [0x06e60000, 0x06fa4e98, 0x072a0000)
  to   space 4352K,   0% used [0x06a20000, 0x06a20000, 0x06e60000)
 concurrent mark-sweep generation total 55172K, used 31867K [0x072a0000, 0x0a881000, 0x0c800000)
 concurrent-mark-sweep perm gen total 65536K, used 52688K [0x0c800000, 0x10800000, 0x10800000)
Event: 2015.172 GC heap after
Heap after GC invocations=66 (full 10):
 par new generation   total 39296K, used 1313K [0x04800000, 0x072a0000, 0x072a0000)
  eden space 34944K,   0% used [0x04800000, 0x04800000, 0x06a20000)
  from space 4352K,  30% used [0x06a20000, 0x06b685e0, 0x06e60000)
  to   space 4352K,   0% used [0x06e60000, 0x06e60000, 0x072a0000)
 concurrent mark-sweep generation total 55172K, used 32406K [0x072a0000, 0x0a881000, 0x0c800000)
 concurrent-mark-sweep perm gen total 65536K, used 52688K [0x0c800000, 0x10800000, 0x10800000)
}

