# JRE version: Java(TM) SE Runtime Environment (7.0_71-b14) (build 1.7.0_71-b14)
# Java VM: Java HotSpot(TM) Client VM (24.71-b01 mixed mode windows-x86 )
Heap
 par new generation   total 39296K, used 25481K [0x04800000, 0x072a0000, 0x072a0000)
  eden space 34944K,  67% used [0x04800000, 0x05f008c8, 0x06a20000)
  from space 4352K,  44% used [0x06a20000, 0x06c01ea8, 0x06e60000)
  to   space 4352K,   0% used [0x06e60000, 0x06e60000, 0x072a0000)
 concurrent mark-sweep generation total 54564K, used 49771K [0x072a0000, 0x0a7e9000, 0x0c800000)
 concurrent-mark-sweep perm gen total 63184K, used 50952K [0x0c800000, 0x105b4000, 0x10800000)
GC Heap History (10 events):
Event: 631.993 GC heap before
{Heap before GC invocations=35 (full 11):
 par new generation   total 39296K, used 38416K [0x04800000, 0x072a0000, 0x072a0000)
  eden space 34944K, 100% used [0x04800000, 0x06a20000, 0x06a20000)
  from space 4352K,  79% used [0x06e60000, 0x071c4360, 0x072a0000)
  to   space 4352K,   0% used [0x06a20000, 0x06a20000, 0x06e60000)
 concurrent mark-sweep generation total 54564K, used 47458K [0x072a0000, 0x0a7e9000, 0x0c800000)
 concurrent-mark-sweep perm gen total 63184K, used 48917K [0x0c800000, 0x105b4000, 0x10800000)
Event: 631.997 GC heap after
Heap after GC invocations=36 (full 11):
 par new generation   total 39296K, used 3309K [0x04800000, 0x072a0000, 0x072a0000)
  eden space 34944K,   0% used [0x04800000, 0x04800000, 0x06a20000)
  from space 4352K,  76% used [0x06a20000, 0x06d5b408, 0x06e60000)
  to   space 4352K,   0% used [0x06e60000, 0x06e60000, 0x072a0000)
 concurrent mark-sweep generation total 54564K, used 48614K [0x072a0000, 0x0a7e9000, 0x0c800000)
 concurrent-mark-sweep perm gen total 63184K, used 48917K [0x0c800000, 0x105b4000, 0x10800000)
}
Event: 632.325 GC heap before
{Heap before GC invocations=36 (full 11):
 par new generation   total 39296K, used 38253K [0x04800000, 0x072a0000, 0x072a0000)
  eden space 34944K, 100% used [0x04800000, 0x06a20000, 0x06a20000)
  from space 4352K,  76% used [0x06a20000, 0x06d5b408, 0x06e60000)
  to   space 4352K,   0% used [0x06e60000, 0x06e60000, 0x072a0000)
 concurrent mark-sweep generation total 54564K, used 48614K [0x072a0000, 0x0a7e9000, 0x0c800000)
 concurrent-mark-sweep perm gen total 63184K, used 50209K [0x0c800000, 0x105b4000, 0x10800000)
Event: 632.329 GC heap after
Heap after GC invocations=37 (full 11):
 par new generation   total 39296K, used 3353K [0x04800000, 0x072a0000, 0x072a0000)
  eden space 34944K,   0% used [0x04800000, 0x04800000, 0x06a20000)
  from space 4352K,  77% used [0x06e60000, 0x071a6580, 0x072a0000)
  to   space 4352K,   0% used [0x06a20000, 0x06a20000, 0x06e60000)
 concurrent mark-sweep generation total 54564K, used 48614K [0x072a0000, 0x0a7e9000, 0x0c800000)
 concurrent-mark-sweep perm gen total 63184K, used 50209K [0x0c800000, 0x105b4000, 0x10800000)
}
Event: 633.507 GC heap before
{Heap before GC invocations=37 (full 11):
 par new generation   total 39296K, used 38297K [0x04800000, 0x072a0000, 0x072a0000)
  eden space 34944K, 100% used [0x04800000, 0x06a20000, 0x06a20000)
  from space 4352K,  77% used [0x06e60000, 0x071a6580, 0x072a0000)
  to   space 4352K,   0% used [0x06a20000, 0x06a20000, 0x06e60000)
 concurrent mark-sweep generation total 54564K, used 48614K [0x072a0000, 0x0a7e9000, 0x0c800000)
 concurrent-mark-sweep perm gen total 63184K, used 50247K [0x0c800000, 0x105b4000, 0x10800000)
Event: 633.509 GC heap after
Heap after GC invocations=38 (full 11):
 par new generation   total 39296K, used 2020K [0x04800000, 0x072a0000, 0x072a0000)
  eden space 34944K,   0% used [0x04800000, 0x04800000, 0x06a20000)
  from space 4352K,  46% used [0x06a20000, 0x06c192b8, 0x06e60000)
  to   space 4352K,   0% used [0x06e60000, 0x06e60000, 0x072a0000)
 concurrent mark-sweep generation total 54564K, used 49771K [0x072a0000, 0x0a7e9000, 0x0c800000)
 concurrent-mark-sweep perm gen total 63184K, used 50247K [0x0c800000, 0x105b4000, 0x10800000)
}
Event: 680.339 GC heap before
{Heap before GC invocations=38 (full 11):
 par new generation   total 39296K, used 36964K [0x04800000, 0x072a0000, 0x072a0000)
  eden space 34944K, 100% used [0x04800000, 0x06a20000, 0x06a20000)
  from space 4352K,  46% used [0x06a20000, 0x06c192b8, 0x06e60000)
  to   space 4352K,   0% used [0x06e60000, 0x06e60000, 0x072a0000)
 concurrent mark-sweep generation total 54564K, used 49771K [0x072a0000, 0x0a7e9000, 0x0c800000)
 concurrent-mark-sweep perm gen total 63184K, used 50337K [0x0c800000, 0x105b4000, 0x10800000)
Event: 680.342 GC heap after
Heap after GC invocations=39 (full 11):
 par new generation   total 39296K, used 2092K [0x04800000, 0x072a0000, 0x072a0000)
  eden space 34944K,   0% used [0x04800000, 0x04800000, 0x06a20000)
  from space 4352K,  48% used [0x06e60000, 0x0706b3c0, 0x072a0000)
  to   space 4352K,   0% used [0x06a20000, 0x06a20000, 0x06e60000)
 concurrent mark-sweep generation total 54564K, used 49771K [0x072a0000, 0x0a7e9000, 0x0c800000)
 concurrent-mark-sweep perm gen total 63184K, used 50337K [0x0c800000, 0x105b4000, 0x10800000)
}
Event: 2515.422 GC heap before
{Heap before GC invocations=39 (full 11):
 par new generation   total 39296K, used 37036K [0x04800000, 0x072a0000, 0x072a0000)
  eden space 34944K, 100% used [0x04800000, 0x06a20000, 0x06a20000)
  from space 4352K,  48% used [0x06e60000, 0x0706b3c0, 0x072a0000)
  to   space 4352K,   0% used [0x06a20000, 0x06a20000, 0x06e60000)
 concurrent mark-sweep generation total 54564K, used 49771K [0x072a0000, 0x0a7e9000, 0x0c800000)
 concurrent-mark-sweep perm gen total 63184K, used 50337K [0x0c800000, 0x105b4000, 0x10800000)
Event: 2515.425 GC heap after
Heap after GC invocations=40 (full 11):
 par new generation   total 39296K, used 1927K [0x04800000, 0x072a0000, 0x072a0000)
  eden space 34944K,   0% used [0x04800000, 0x04800000, 0x06a20000)
  from space 4352K,  44% used [0x06a20000, 0x06c01ea8, 0x06e60000)
  to   space 4352K,   0% used [0x06e60000, 0x06e60000, 0x072a0000)
 concurrent mark-sweep generation total 54564K, used 49771K [0x072a0000, 0x0a7e9000, 0x0c800000)
 concurrent-mark-sweep perm gen total 63184K, used 50337K [0x0c800000, 0x105b4000, 0x10800000)
}

